<?xml version="1.0" encoding="UTF-8"?>
<!-- Generated by org.testng.reporters.JUnitReportReporter -->
<testsuite hostname="ZephrysG14" failures="0" tests="1" name="testcases.verifyloginpage" time="1.595" errors="0" timestamp="2024-08-15T21:16:46 IST" skipped="0">
  <testcase classname="testcases.verifyloginpage" name="addproduct" time="1.595"/>
</testsuite> <!-- testcases.verifyloginpage -->
